<?xml version="1.0" encoding="UTF-8"?>
<!-- Generated by org.testng.reporters.JUnitXMLReporter -->
<testsuite ignored="2" hostname="ITLCPU706" failures="0" tests="2" name="ChromeTest" time="101.975" errors="0" timestamp="2021-07-22T12:06:21 IST">
  <testcase classname="com.apim.baseclass.TestBase" name="@AfterTest teardown" time="0.0">
    <failure type="java.lang.NullPointerException" message="Cannot invoke &amp;quot;java.util.List.iterator()&amp;quot; because &amp;quot;this.testList&amp;quot; is null">
      <![CDATA[java.lang.NullPointerException: Cannot invoke "java.util.List.iterator()" because "this.testList" is null
at com.relevantcodes.extentreports.Report.terminate(Report.java:412)
at com.relevantcodes.extentreports.ExtentReports.close(ExtentReports.java:708)
at com.apim.baseclass.TestBase.teardown(TestBase.java:118)
at java.base/java.util.concurrent.FutureTask.run(FutureTask.java:264)
at java.base/java.util.concurrent.ThreadPoolExecutor.runWorker(ThreadPoolExecutor.java:1130)
at java.base/java.util.concurrent.ThreadPoolExecutor$Worker.run(ThreadPoolExecutor.java:630)
at java.base/java.lang.Thread.run(Thread.java:831)
... Removed 15 stack frames]]>
    </failure>
  </testcase> <!-- @AfterTest teardown -->
  <testcase classname="com.qa.apim_automation.APIMChannelPageTest" name="apim_channel_pagetest" time="30.31"/>
  <testcase classname="com.qa.apim_automation.Product_List_PageTest" name="product_list_page_testmain" time="30.187"/>
  <testcase classname="com.apim.baseclass.TestBase" name="@BeforeTest initialization" time="0.0">
    <ignored/>
  </testcase> <!-- @BeforeTest initialization -->
  <testcase classname="com.apim.baseclass.TestBase" name="@AfterTest teardown" time="0.0">
    <ignored/>
  </testcase> <!-- @AfterTest teardown -->
</testsuite> <!-- ChromeTest -->
