<?xml version="1.0" encoding="UTF-8"?>
<testng-results ignored="0" total="1" passed="1" failed="0" skipped="0">
  <reporter-output>
  </reporter-output>
  <suite started-at="2021-08-12T14:38:24 IST" name="Default suite" finished-at="2021-08-12T14:38:40 IST" duration-ms="15291">
    <groups>
      <group name="smoke">
        <method signature="SearchProductTestPage.searchProduct()[pri:1, instance:com.qa.testclass.SearchProductTestPage@66f57048]" name="searchProduct" class="com.qa.testclass.SearchProductTestPage"/>
      </group> <!-- smoke -->
    </groups>
    <test started-at="2021-08-12T14:38:24 IST" name="Default test" finished-at="2021-08-12T14:38:40 IST" duration-ms="15291">
      <class name="com.qa.testclass.SearchProductTestPage">
        <test-method is-config="true" signature="setup()[pri:0, instance:com.qa.testclass.SearchProductTestPage@66f57048]" started-at="2021-08-12T14:38:24 IST" name="setup" finished-at="2021-08-12T14:38:36 IST" duration-ms="11815" status="PASS">
          <reporter-output>
          </reporter-output>
        </test-method> <!-- setup -->
        <test-method signature="searchProduct()[pri:1, instance:com.qa.testclass.SearchProductTestPage@66f57048]" started-at="2021-08-12T14:38:36 IST" name="searchProduct" finished-at="2021-08-12T14:38:40 IST" duration-ms="3412" status="PASS">
          <reporter-output>
          </reporter-output>
        </test-method> <!-- searchProduct -->
        <test-method is-config="true" signature="attachScreenshot(org.testng.ITestResult)[pri:0, instance:com.qa.testclass.SearchProductTestPage@66f57048]" started-at="2021-08-12T14:38:40 IST" name="attachScreenshot" finished-at="2021-08-12T14:38:40 IST" duration-ms="2" status="PASS">
          <params>
            <param index="0">
              <value>
                <![CDATA[[TestResult name=searchProduct status=SUCCESS method=SearchProductTestPage.searchProduct()[pri:1, instance:com.qa.testclass.SearchProductTestPage@66f57048] output={null}]]]>
              </value>
            </param>
          </params>
          <reporter-output>
          </reporter-output>
        </test-method> <!-- attachScreenshot -->
        <test-method is-config="true" signature="teardown()[pri:0, instance:com.qa.testclass.SearchProductTestPage@66f57048]" started-at="2021-08-12T14:38:40 IST" name="teardown" finished-at="2021-08-12T14:38:40 IST" duration-ms="1" status="PASS">
          <reporter-output>
          </reporter-output>
        </test-method> <!-- teardown -->
      </class> <!-- com.qa.testclass.SearchProductTestPage -->
    </test> <!-- Default test -->
  </suite> <!-- Default suite -->
</testng-results>
